<?xml version="1.0" encoding="UTF-8"?>
<!-- Generated by org.testng.reporters.JUnitReportReporter -->
<testsuite hostname="LAPTOP-OQPRRC6R" failures="0" tests="4" name="test.SwagLabMultipleWindow" time="103.384" errors="0" timestamp="2022-10-28T11:33:42 IST" skipped="0">
  <testcase classname="test.SwagLabMultipleWindow" name="validateswagLabLoginPage" time="12.041"/>
  <system-out/>
  <testcase classname="test.SwagLabMultipleWindow" name="validateSwagLabProduct" time="5.981"/>
  <system-out/>
  <testcase classname="test.SwagLabMultipleWindow" name="validateSwagLabProductcart" time="8.842"/>
  <system-out/>
  <testcase classname="test.SwagLabMultipleWindow" name="validateSwagLabLoginPageNew1" time="76.520"/>
  <system-out/>
</testsuite> <!-- test.SwagLabMultipleWindow -->
