<?xml version="1.0" encoding="UTF-8"?>
<!-- Generated by org.testng.reporters.JUnitReportReporter -->
<testsuite hostname="LAPTOP-OQPRRC6R" failures="0" tests="3" name="test.SwagLabProductCartTest" time="15.754" errors="0" timestamp="2022-10-27T17:19:04 IST" skipped="0">
  <testcase classname="test.SwagLabProductCartTest" name="validateswagLabLoginPage" time="4.206"/>
  <system-out/>
  <testcase classname="test.SwagLabProductCartTest" name="validateSwagLabProduct" time="5.518"/>
  <system-out/>
  <testcase classname="test.SwagLabProductCartTest" name="validateSwagLabProductcart" time="6.030"/>
  <system-out/>
</testsuite> <!-- test.SwagLabProductCartTest -->
