<?xml version="1.0" encoding="UTF-8"?>
<!-- Generated by org.testng.reporters.JUnitReportReporter -->
<testsuite hostname="LAPTOP-OQPRRC6R" failures="0" tests="1" name="test.SwagLabLoginPageTest" time="20.932" errors="0" timestamp="2022-10-27T17:11:44 IST" skipped="0">
  <testcase classname="test.SwagLabLoginPageTest" name="validateswagLabLoginPage" time="20.932"/>
  <system-out/>
</testsuite> <!-- test.SwagLabLoginPageTest -->
