<?xml version="1.0" encoding="UTF-8"?>
<!-- Generated by org.testng.reporters.JUnitReportReporter -->
<testsuite hostname="LAPTOP-OQPRRC6R" failures="0" tests="2" name="test.SwagLabProductTest" time="12.123" errors="0" timestamp="2022-10-27T17:16:03 IST" skipped="0">
  <testcase classname="test.SwagLabProductTest" name="validateswagLabLoginPage" time="4.627"/>
  <system-out/>
  <testcase classname="test.SwagLabProductTest" name="validateSwagLabProduct" time="7.496"/>
  <system-out/>
</testsuite> <!-- test.SwagLabProductTest -->
